This file contains any messages produced by compilers while
running configure, to aid debugging if configure makes a mistake.

It was created by configure, which was
generated by GNU Autoconf 2.59.  Invocation command line was

  $ ./configure -enable-debug --disable-asm-optimizations --disable-dependency-tracking

## --------- ##
## Platform. ##
## --------- ##

hostname = Caroline-Cooks-Computer-6.local
uname -m = i386
uname -r = 10.6.0
uname -s = Darwin
uname -v = Darwin Kernel Version 10.6.0: Wed Nov 10 18:13:17 PST 2010; root:xnu-1504.9.26~3/RELEASE_I386

/usr/bin/uname -p = i386
/bin/uname -X     = unknown

/bin/arch              = unknown
/usr/bin/arch -k       = unknown
/usr/convex/getsysinfo = unknown
hostinfo               = Mach kernel version:
	 Darwin Kernel Version 10.6.0: Wed Nov 10 18:13:17 PST 2010; root:xnu-1504.9.26~3/RELEASE_I386
Kernel configured for up to 2 processors.
2 processors are physically available.
2 processors are logically available.
Processor type: i486 (Intel 80486)
Processors active: 0 1
Primary memory available: 4.00 gigabytes
Default processor set: 58 tasks, 268 threads, 2 processors
Load average: 1.03, Mach factor: 1.26
/bin/machine           = unknown
/usr/bin/oslevel       = unknown
/bin/universe          = unknown

PATH: /Users/shooley/.rvm/gems/ruby-1.9.2-head/bin
PATH: /Users/shooley/.rvm/gems/ruby-1.9.2-head@global/bin
PATH: /Users/shooley/.rvm/rubies/ruby-1.9.2-head/bin
PATH: /Users/shooley/.rvm/bin
PATH: /Users/shooley/Desktop/Programming/Source/narwhal/bin
PATH: /Users/shooley/Desktop/Programming/Source/flex_sdk_4/bin
PATH: /opt/local/bin
PATH: /opt/local/sbin
PATH: /usr/bin
PATH: /bin
PATH: /usr/sbin
PATH: /sbin
PATH: /usr/local/bin
PATH: /usr/X11/bin


## ----------- ##
## Core tests. ##
## ----------- ##

configure:1569: checking for a BSD-compatible install
configure:1624: result: /usr/bin/install -c
configure:1635: checking whether build environment is sane
configure:1678: result: yes
configure:1711: checking for gawk
configure:1740: result: no
configure:1711: checking for mawk
configure:1740: result: no
configure:1711: checking for nawk
configure:1740: result: no
configure:1711: checking for awk
configure:1727: found /usr/bin/awk
configure:1737: result: awk
configure:1747: checking whether make sets $(MAKE)
configure:1767: result: yes
configure:1934: checking whether to enable maintainer-specific portions of Makefiles
configure:1943: result: no
configure:2040: checking build system type
configure:2058: result: i686-apple-darwin10.6.0
configure:2066: checking host system type
configure:2080: result: i686-apple-darwin10.6.0
configure:2100: checking for style of include used by make
configure:2128: result: GNU
configure:2199: checking for gcc
configure:2215: found /usr/bin/gcc
configure:2225: result: gcc
configure:2469: checking for C compiler version
configure:2472: gcc --version </dev/null >&5
i686-apple-darwin10-gcc-4.2.1 (GCC) 4.2.1 (Apple Inc. build 5666) (dot 3)
Copyright (C) 2007 Free Software Foundation, Inc.
This is free software; see the source for copying conditions.  There is NO
warranty; not even for MERCHANTABILITY or FITNESS FOR A PARTICULAR PURPOSE.

configure:2475: $? = 0
configure:2477: gcc -v </dev/null >&5
Using built-in specs.
Target: i686-apple-darwin10
Configured with: /var/tmp/gcc/gcc-5666.3~11/src/configure --disable-checking --enable-werror --prefix=/usr --mandir=/share/man --enable-languages=c,objc,c++,obj-c++ --program-transform-name=/^[cg][^.-]*$/s/$/-4.2/ --with-slibdir=/usr/lib --build=i686-apple-darwin10 --program-prefix=i686-apple-darwin10- --host=x86_64-apple-darwin10 --target=i686-apple-darwin10 --with-gxx-include-dir=/include/c++/4.2.1
Thread model: posix
gcc version 4.2.1 (Apple Inc. build 5666) (dot 3)
configure:2480: $? = 0
configure:2482: gcc -V </dev/null >&5
gcc-4.2: argument to `-V' is missing
configure:2485: $? = 1
configure:2508: checking for C compiler default output file name
configure:2511: gcc    conftest.c  >&5
configure:2514: $? = 0
configure:2560: result: a.out
configure:2565: checking whether the C compiler works
configure:2571: ./a.out
configure:2574: $? = 0
configure:2591: result: yes
configure:2598: checking whether we are cross compiling
configure:2600: result: no
configure:2603: checking for suffix of executables
configure:2605: gcc -o conftest    conftest.c  >&5
configure:2608: $? = 0
configure:2633: result: 
configure:2639: checking for suffix of object files
configure:2660: gcc -c   conftest.c >&5
configure:2663: $? = 0
configure:2685: result: o
configure:2689: checking whether we are using the GNU C compiler
configure:2713: gcc -c   conftest.c >&5
configure:2719: $? = 0
configure:2723: test -z 
			 || test ! -s conftest.err
configure:2726: $? = 0
configure:2729: test -s conftest.o
configure:2732: $? = 0
configure:2745: result: yes
configure:2751: checking whether gcc accepts -g
configure:2772: gcc -c -g  conftest.c >&5
configure:2778: $? = 0
configure:2782: test -z 
			 || test ! -s conftest.err
configure:2785: $? = 0
configure:2788: test -s conftest.o
configure:2791: $? = 0
configure:2802: result: yes
configure:2819: checking for gcc option to accept ANSI C
configure:2889: gcc  -c -g -O2  conftest.c >&5
configure:2895: $? = 0
configure:2899: test -z 
			 || test ! -s conftest.err
configure:2902: $? = 0
configure:2905: test -s conftest.o
configure:2908: $? = 0
configure:2926: result: none needed
configure:2944: gcc -c -g -O2  conftest.c >&5
conftest.c:2: error: expected '=', ',', ';', 'asm' or '__attribute__' before 'me'
configure:2950: $? = 1
configure: failed program was:
| #ifndef __cplusplus
|   choke me
| #endif
configure:3085: checking dependency style of gcc
configure:3168: result: none
configure:3185: checking for a sed that does not truncate output
configure:3239: result: /usr/bin/sed
configure:3242: checking for egrep
configure:3252: result: grep -E
configure:3268: checking for ld used by gcc
configure:3335: result: /usr/libexec/gcc/i686-apple-darwin10/4.2.1/ld
configure:3344: checking if the linker (/usr/libexec/gcc/i686-apple-darwin10/4.2.1/ld) is GNU ld
configure:3359: result: no
configure:3364: checking for /usr/libexec/gcc/i686-apple-darwin10/4.2.1/ld option to reload object files
configure:3371: result: -r
configure:3389: checking for BSD-compatible nm
configure:3431: result: /usr/bin/nm
configure:3435: checking whether ln -s works
configure:3439: result: yes
configure:3446: checking how to recognise dependent libraries
configure:3618: result: pass_all
configure:3832: checking how to run the C preprocessor
configure:3867: gcc -E  conftest.c
configure:3873: $? = 0
configure:3905: gcc -E  conftest.c
conftest.c:11:28: error: ac_nonexistent.h: No such file or directory
configure:3911: $? = 1
configure: failed program was:
| /* confdefs.h.  */
| 
| #define PACKAGE_NAME ""
| #define PACKAGE_TARNAME ""
| #define PACKAGE_VERSION ""
| #define PACKAGE_STRING ""
| #define PACKAGE_BUGREPORT ""
| #define PACKAGE "flac"
| #define VERSION "1.2.1"
| /* end confdefs.h.  */
| #include <ac_nonexistent.h>
configure:3950: result: gcc -E
configure:3974: gcc -E  conftest.c
configure:3980: $? = 0
configure:4012: gcc -E  conftest.c
conftest.c:11:28: error: ac_nonexistent.h: No such file or directory
configure:4018: $? = 1
configure: failed program was:
| /* confdefs.h.  */
| 
| #define PACKAGE_NAME ""
| #define PACKAGE_TARNAME ""
| #define PACKAGE_VERSION ""
| #define PACKAGE_STRING ""
| #define PACKAGE_BUGREPORT ""
| #define PACKAGE "flac"
| #define VERSION "1.2.1"
| /* end confdefs.h.  */
| #include <ac_nonexistent.h>
configure:4062: checking for ANSI C header files
configure:4087: gcc -c -g -O2  conftest.c >&5
configure:4093: $? = 0
configure:4097: test -z 
			 || test ! -s conftest.err
configure:4100: $? = 0
configure:4103: test -s conftest.o
configure:4106: $? = 0
configure:4195: gcc -o conftest -g -O2   conftest.c  >&5
conftest.c: In function 'main':
conftest.c:28: warning: incompatible implicit declaration of built-in function 'exit'
configure:4198: $? = 0
configure:4200: ./conftest
configure:4203: $? = 0
configure:4218: result: yes
configure:4242: checking for sys/types.h
configure:4258: gcc -c -g -O2  conftest.c >&5
configure:4264: $? = 0
configure:4268: test -z 
			 || test ! -s conftest.err
configure:4271: $? = 0
configure:4274: test -s conftest.o
configure:4277: $? = 0
configure:4288: result: yes
configure:4242: checking for sys/stat.h
configure:4258: gcc -c -g -O2  conftest.c >&5
configure:4264: $? = 0
configure:4268: test -z 
			 || test ! -s conftest.err
configure:4271: $? = 0
configure:4274: test -s conftest.o
configure:4277: $? = 0
configure:4288: result: yes
configure:4242: checking for stdlib.h
configure:4258: gcc -c -g -O2  conftest.c >&5
configure:4264: $? = 0
configure:4268: test -z 
			 || test ! -s conftest.err
configure:4271: $? = 0
configure:4274: test -s conftest.o
configure:4277: $? = 0
configure:4288: result: yes
configure:4242: checking for string.h
configure:4258: gcc -c -g -O2  conftest.c >&5
configure:4264: $? = 0
configure:4268: test -z 
			 || test ! -s conftest.err
configure:4271: $? = 0
configure:4274: test -s conftest.o
configure:4277: $? = 0
configure:4288: result: yes
configure:4242: checking for memory.h
configure:4258: gcc -c -g -O2  conftest.c >&5
configure:4264: $? = 0
configure:4268: test -z 
			 || test ! -s conftest.err
configure:4271: $? = 0
configure:4274: test -s conftest.o
configure:4277: $? = 0
configure:4288: result: yes
configure:4242: checking for strings.h
configure:4258: gcc -c -g -O2  conftest.c >&5
configure:4264: $? = 0
configure:4268: test -z 
			 || test ! -s conftest.err
configure:4271: $? = 0
configure:4274: test -s conftest.o
configure:4277: $? = 0
configure:4288: result: yes
configure:4242: checking for inttypes.h
configure:4258: gcc -c -g -O2  conftest.c >&5
configure:4264: $? = 0
configure:4268: test -z 
			 || test ! -s conftest.err
configure:4271: $? = 0
configure:4274: test -s conftest.o
configure:4277: $? = 0
configure:4288: result: yes
configure:4242: checking for stdint.h
configure:4258: gcc -c -g -O2  conftest.c >&5
configure:4264: $? = 0
configure:4268: test -z 
			 || test ! -s conftest.err
configure:4271: $? = 0
configure:4274: test -s conftest.o
configure:4277: $? = 0
configure:4288: result: yes
configure:4242: checking for unistd.h
configure:4258: gcc -c -g -O2  conftest.c >&5
configure:4264: $? = 0
configure:4268: test -z 
			 || test ! -s conftest.err
configure:4271: $? = 0
configure:4274: test -s conftest.o
configure:4277: $? = 0
configure:4288: result: yes
configure:4314: checking dlfcn.h usability
configure:4326: gcc -c -g -O2  conftest.c >&5
configure:4332: $? = 0
configure:4336: test -z 
			 || test ! -s conftest.err
configure:4339: $? = 0
configure:4342: test -s conftest.o
configure:4345: $? = 0
configure:4355: result: yes
configure:4359: checking dlfcn.h presence
configure:4369: gcc -E  conftest.c
configure:4375: $? = 0
configure:4395: result: yes
configure:4430: checking for dlfcn.h
configure:4437: result: yes
configure:4502: checking for g++
configure:4518: found /usr/bin/g++
configure:4528: result: g++
configure:4544: checking for C++ compiler version
configure:4547: g++ --version </dev/null >&5
i686-apple-darwin10-g++-4.2.1 (GCC) 4.2.1 (Apple Inc. build 5666) (dot 3)
Copyright (C) 2007 Free Software Foundation, Inc.
This is free software; see the source for copying conditions.  There is NO
warranty; not even for MERCHANTABILITY or FITNESS FOR A PARTICULAR PURPOSE.

configure:4550: $? = 0
configure:4552: g++ -v </dev/null >&5
Using built-in specs.
Target: i686-apple-darwin10
Configured with: /var/tmp/gcc/gcc-5666.3~11/src/configure --disable-checking --enable-werror --prefix=/usr --mandir=/share/man --enable-languages=c,objc,c++,obj-c++ --program-transform-name=/^[cg][^.-]*$/s/$/-4.2/ --with-slibdir=/usr/lib --build=i686-apple-darwin10 --program-prefix=i686-apple-darwin10- --host=x86_64-apple-darwin10 --target=i686-apple-darwin10 --with-gxx-include-dir=/include/c++/4.2.1
Thread model: posix
gcc version 4.2.1 (Apple Inc. build 5666) (dot 3)
configure:4555: $? = 0
configure:4557: g++ -V </dev/null >&5
g++-4.2: argument to `-V' is missing
configure:4560: $? = 1
configure:4563: checking whether we are using the GNU C++ compiler
configure:4587: g++ -c   conftest.cc >&5
configure:4593: $? = 0
configure:4597: test -z 
			 || test ! -s conftest.err
configure:4600: $? = 0
configure:4603: test -s conftest.o
configure:4606: $? = 0
configure:4619: result: yes
configure:4625: checking whether g++ accepts -g
configure:4646: g++ -c -g  conftest.cc >&5
configure:4652: $? = 0
configure:4656: test -z 
			 || test ! -s conftest.err
configure:4659: $? = 0
configure:4662: test -s conftest.o
configure:4665: $? = 0
configure:4676: result: yes
configure:4718: g++ -c -g -O2  conftest.cc >&5
configure:4724: $? = 0
configure:4728: test -z 
			 || test ! -s conftest.err
configure:4731: $? = 0
configure:4734: test -s conftest.o
configure:4737: $? = 0
configure:4763: g++ -c -g -O2  conftest.cc >&5
conftest.cc: In function 'int main()':
conftest.cc:26: error: 'exit' was not declared in this scope
configure:4769: $? = 1
configure: failed program was:
| /* confdefs.h.  */
| 
| #define PACKAGE_NAME ""
| #define PACKAGE_TARNAME ""
| #define PACKAGE_VERSION ""
| #define PACKAGE_STRING ""
| #define PACKAGE_BUGREPORT ""
| #define PACKAGE "flac"
| #define VERSION "1.2.1"
| #define STDC_HEADERS 1
| #define HAVE_SYS_TYPES_H 1
| #define HAVE_SYS_STAT_H 1
| #define HAVE_STDLIB_H 1
| #define HAVE_STRING_H 1
| #define HAVE_MEMORY_H 1
| #define HAVE_STRINGS_H 1
| #define HAVE_INTTYPES_H 1
| #define HAVE_STDINT_H 1
| #define HAVE_UNISTD_H 1
| #define HAVE_DLFCN_H 1
| /* end confdefs.h.  */
| 
| int
| main ()
| {
| exit (42);
|   ;
|   return 0;
| }
configure:4718: g++ -c -g -O2  conftest.cc >&5
conftest.cc:22: error: 'void std::exit(int)' should have been declared inside 'std'
In file included from conftest.cc:23:
/usr/include/stdlib.h:159: error: declaration of 'void std::exit(int)' throws different exceptions
conftest.cc:22: error: from previous declaration 'void std::exit(int) throw ()'
configure:4724: $? = 1
configure: failed program was:
| /* confdefs.h.  */
| 
| #define PACKAGE_NAME ""
| #define PACKAGE_TARNAME ""
| #define PACKAGE_VERSION ""
| #define PACKAGE_STRING ""
| #define PACKAGE_BUGREPORT ""
| #define PACKAGE "flac"
| #define VERSION "1.2.1"
| #define STDC_HEADERS 1
| #define HAVE_SYS_TYPES_H 1
| #define HAVE_SYS_STAT_H 1
| #define HAVE_STDLIB_H 1
| #define HAVE_STRING_H 1
| #define HAVE_MEMORY_H 1
| #define HAVE_STRINGS_H 1
| #define HAVE_INTTYPES_H 1
| #define HAVE_STDINT_H 1
| #define HAVE_UNISTD_H 1
| #define HAVE_DLFCN_H 1
| /* end confdefs.h.  */
| extern "C" void std::exit (int) throw (); using std::exit;
| #include <stdlib.h>
| int
| main ()
| {
| exit (42);
|   ;
|   return 0;
| }
configure:4718: g++ -c -g -O2  conftest.cc >&5
conftest.cc:22: error: 'void std::exit(int)' should have been declared inside 'std'
configure:4724: $? = 1
configure: failed program was:
| /* confdefs.h.  */
| 
| #define PACKAGE_NAME ""
| #define PACKAGE_TARNAME ""
| #define PACKAGE_VERSION ""
| #define PACKAGE_STRING ""
| #define PACKAGE_BUGREPORT ""
| #define PACKAGE "flac"
| #define VERSION "1.2.1"
| #define STDC_HEADERS 1
| #define HAVE_SYS_TYPES_H 1
| #define HAVE_SYS_STAT_H 1
| #define HAVE_STDLIB_H 1
| #define HAVE_STRING_H 1
| #define HAVE_MEMORY_H 1
| #define HAVE_STRINGS_H 1
| #define HAVE_INTTYPES_H 1
| #define HAVE_STDINT_H 1
| #define HAVE_UNISTD_H 1
| #define HAVE_DLFCN_H 1
| /* end confdefs.h.  */
| extern "C" void std::exit (int); using std::exit;
| #include <stdlib.h>
| int
| main ()
| {
| exit (42);
|   ;
|   return 0;
| }
configure:4718: g++ -c -g -O2  conftest.cc >&5
In file included from conftest.cc:23:
/usr/include/stdlib.h:159: error: declaration of 'void exit(int)' throws different exceptions
conftest.cc:22: error: from previous declaration 'void exit(int) throw ()'
configure:4724: $? = 1
configure: failed program was:
| /* confdefs.h.  */
| 
| #define PACKAGE_NAME ""
| #define PACKAGE_TARNAME ""
| #define PACKAGE_VERSION ""
| #define PACKAGE_STRING ""
| #define PACKAGE_BUGREPORT ""
| #define PACKAGE "flac"
| #define VERSION "1.2.1"
| #define STDC_HEADERS 1
| #define HAVE_SYS_TYPES_H 1
| #define HAVE_SYS_STAT_H 1
| #define HAVE_STDLIB_H 1
| #define HAVE_STRING_H 1
| #define HAVE_MEMORY_H 1
| #define HAVE_STRINGS_H 1
| #define HAVE_INTTYPES_H 1
| #define HAVE_STDINT_H 1
| #define HAVE_UNISTD_H 1
| #define HAVE_DLFCN_H 1
| /* end confdefs.h.  */
| extern "C" void exit (int) throw ();
| #include <stdlib.h>
| int
| main ()
| {
| exit (42);
|   ;
|   return 0;
| }
configure:4718: g++ -c -g -O2  conftest.cc >&5
configure:4724: $? = 0
configure:4728: test -z 
			 || test ! -s conftest.err
configure:4731: $? = 0
configure:4734: test -s conftest.o
configure:4737: $? = 0
configure:4763: g++ -c -g -O2  conftest.cc >&5
configure:4769: $? = 0
configure:4773: test -z 
			 || test ! -s conftest.err
configure:4776: $? = 0
configure:4779: test -s conftest.o
configure:4782: $? = 0
configure:4807: checking dependency style of g++
configure:4890: result: none
configure:4917: checking how to run the C++ preprocessor
configure:4948: g++ -E  conftest.cc
configure:4954: $? = 0
configure:4986: g++ -E  conftest.cc
conftest.cc:25:28: error: ac_nonexistent.h: No such file or directory
configure:4992: $? = 1
configure: failed program was:
| /* confdefs.h.  */
| 
| #define PACKAGE_NAME ""
| #define PACKAGE_TARNAME ""
| #define PACKAGE_VERSION ""
| #define PACKAGE_STRING ""
| #define PACKAGE_BUGREPORT ""
| #define PACKAGE "flac"
| #define VERSION "1.2.1"
| #define STDC_HEADERS 1
| #define HAVE_SYS_TYPES_H 1
| #define HAVE_SYS_STAT_H 1
| #define HAVE_STDLIB_H 1
| #define HAVE_STRING_H 1
| #define HAVE_MEMORY_H 1
| #define HAVE_STRINGS_H 1
| #define HAVE_INTTYPES_H 1
| #define HAVE_STDINT_H 1
| #define HAVE_UNISTD_H 1
| #define HAVE_DLFCN_H 1
| #ifdef __cplusplus
| extern "C" void exit (int);
| #endif
| /* end confdefs.h.  */
| #include <ac_nonexistent.h>
configure:5031: result: g++ -E
configure:5055: g++ -E  conftest.cc
configure:5061: $? = 0
configure:5093: g++ -E  conftest.cc
conftest.cc:25:28: error: ac_nonexistent.h: No such file or directory
configure:5099: $? = 1
configure: failed program was:
| /* confdefs.h.  */
| 
| #define PACKAGE_NAME ""
| #define PACKAGE_TARNAME ""
| #define PACKAGE_VERSION ""
| #define PACKAGE_STRING ""
| #define PACKAGE_BUGREPORT ""
| #define PACKAGE "flac"
| #define VERSION "1.2.1"
| #define STDC_HEADERS 1
| #define HAVE_SYS_TYPES_H 1
| #define HAVE_SYS_STAT_H 1
| #define HAVE_STDLIB_H 1
| #define HAVE_STRING_H 1
| #define HAVE_MEMORY_H 1
| #define HAVE_STRINGS_H 1
| #define HAVE_INTTYPES_H 1
| #define HAVE_STDINT_H 1
| #define HAVE_UNISTD_H 1
| #define HAVE_DLFCN_H 1
| #ifdef __cplusplus
| extern "C" void exit (int);
| #endif
| /* end confdefs.h.  */
| #include <ac_nonexistent.h>
configure:5196: checking for g77
configure:5225: result: no
configure:5196: checking for f77
configure:5225: result: no
configure:5196: checking for xlf
configure:5225: result: no
configure:5196: checking for frt
configure:5225: result: no
configure:5196: checking for pgf77
configure:5225: result: no
configure:5196: checking for fort77
configure:5225: result: no
configure:5196: checking for fl32
configure:5225: result: no
configure:5196: checking for af77
configure:5225: result: no
configure:5196: checking for f90
configure:5225: result: no
configure:5196: checking for xlf90
configure:5225: result: no
configure:5196: checking for pgf90
configure:5225: result: no
configure:5196: checking for epcf90
configure:5225: result: no
configure:5196: checking for f95
configure:5225: result: no
configure:5196: checking for fort
configure:5225: result: no
configure:5196: checking for xlf95
configure:5225: result: no
configure:5196: checking for ifc
configure:5225: result: no
configure:5196: checking for efc
configure:5225: result: no
configure:5196: checking for pgf95
configure:5225: result: no
configure:5196: checking for lf95
configure:5225: result: no
configure:5196: checking for gfortran
configure:5225: result: no
configure:5237: checking for Fortran 77 compiler version
configure:5240:  --version </dev/null >&5
./configure: line 5241: --version: command not found
configure:5243: $? = 127
configure:5245:  -v </dev/null >&5
./configure: line 5246: -v: command not found
configure:5248: $? = 127
configure:5250:  -V </dev/null >&5
./configure: line 5251: -V: command not found
configure:5253: $? = 127
configure:5261: checking whether we are using the GNU Fortran 77 compiler
configure:5275:  -c  conftest.F >&5
./configure: line 5276: -c: command not found
configure:5281: $? = 127
configure: failed program was:
|       program main
| #ifndef __GNUC__
|        choke me
| #endif
| 
|       end
configure:5307: result: no
configure:5313: checking whether  accepts -g
configure:5325:  -c -g conftest.f >&5
./configure: line 5326: -c: command not found
configure:5331: $? = 127
configure: failed program was:
|       program main
| 
|       end
configure:5356: result: no
configure:5386: checking the maximum length of command line arguments
configure:5478: result: 196608
configure:5489: checking command to parse /usr/bin/nm output from gcc object
configure:5585: gcc -c -g -O2  conftest.c >&5
configure:5588: $? = 0
configure:5592: /usr/bin/nm conftest.o \| sed -n -e 's/^.*[ 	]\([BCDEGRST][BCDEGRST]*\)[ 	][ 	]*\([_A-Za-z][_A-Za-z0-9]*\)$/\1 \2 \2/p' \> conftest.nm
configure:5595: $? = 0
cannot find nm_test_var in conftest.nm
configure:5585: gcc -c -g -O2  conftest.c >&5
configure:5588: $? = 0
configure:5592: /usr/bin/nm conftest.o \| sed -n -e 's/^.*[ 	]\([BCDEGRST][BCDEGRST]*\)[ 	][ 	]*_\([_A-Za-z][_A-Za-z0-9]*\)$/\1 _\2 \2/p' \> conftest.nm
configure:5595: $? = 0
configure:5647: gcc -o conftest -g -O2   conftest.c conftstm.o >&5
configure:5650: $? = 0
configure:5688: result: ok
configure:5692: checking for objdir
configure:5707: result: .libs
configure:5797: checking for ar
configure:5813: found /usr/bin/ar
configure:5824: result: ar
configure:5877: checking for ranlib
configure:5893: found /usr/bin/ranlib
configure:5904: result: ranlib
configure:5957: checking for strip
configure:5973: found /usr/bin/strip
configure:5984: result: strip
configure:6271: checking if gcc static flag  works
configure:6299: result: yes
configure:6317: checking if gcc supports -fno-rtti -fno-exceptions
configure:6335: gcc -c -g -O2  -fno-rtti -fno-exceptions conftest.c >&5
cc1: warning: command line option "-fno-rtti" is valid for C++/ObjC++ but not for C
configure:6339: $? = 0
configure:6352: result: no
configure:6367: checking for gcc option to produce PIC
configure:6571: result: -fno-common
configure:6579: checking if gcc PIC flag -fno-common works
configure:6597: gcc -c -g -O2  -fno-common -DPIC conftest.c >&5
configure:6601: $? = 0
configure:6614: result: yes
configure:6638: checking if gcc supports -c -o file.o
configure:6659: gcc -c -g -O2  -o out/conftest2.o conftest.c >&5
configure:6663: $? = 0
configure:6685: result: yes
configure:6711: checking whether the gcc linker (/usr/libexec/gcc/i686-apple-darwin10/4.2.1/ld) supports shared libraries
configure:7606: result: yes
configure:7677: checking dynamic linker characteristics
configure:8240: result: darwin10.6.0 dyld
configure:8244: checking how to hardcode library paths into programs
configure:8269: result: immediate
configure:8283: checking whether stripping libraries is possible
configure:8296: result: yes
configure:9118: checking if libtool supports shared libraries
configure:9120: result: yes
configure:9123: checking whether to build shared libraries
configure:9144: result: yes
configure:9147: checking whether to build static libraries
configure:9151: result: yes
configure:9243: creating libtool
configure:9821: checking for ld used by g++
configure:9888: result: /usr/libexec/gcc/i686-apple-darwin10/4.2.1/ld
configure:9897: checking if the linker (/usr/libexec/gcc/i686-apple-darwin10/4.2.1/ld) is GNU ld
configure:9912: result: no
configure:9963: checking whether the g++ linker (/usr/libexec/gcc/i686-apple-darwin10/4.2.1/ld) supports shared libraries
configure:10850: result: yes
configure:10868: g++ -c -g -O2  conftest.cc >&5
configure:10871: $? = 0
configure:10967: checking for g++ option to produce PIC
configure:11235: result: -fno-common
configure:11243: checking if g++ PIC flag -fno-common works
configure:11261: g++ -c -g -O2  -fno-common -DPIC conftest.cc >&5
configure:11265: $? = 0
configure:11278: result: yes
configure:11302: checking if g++ supports -c -o file.o
configure:11323: g++ -c -g -O2  -o out/conftest2.o conftest.cc >&5
configure:11327: $? = 0
configure:11349: result: yes
configure:11375: checking whether the g++ linker (/usr/libexec/gcc/i686-apple-darwin10/4.2.1/ld) supports shared libraries
configure:11400: result: yes
configure:11471: checking dynamic linker characteristics
configure:12034: result: darwin10.6.0 dyld
configure:12038: checking how to hardcode library paths into programs
configure:12063: result: immediate
configure:12077: checking whether stripping libraries is possible
configure:12090: result: yes
configure:19727: checking for C++ compiler version
configure:19730: g++ --version </dev/null >&5
i686-apple-darwin10-g++-4.2.1 (GCC) 4.2.1 (Apple Inc. build 5666) (dot 3)
Copyright (C) 2007 Free Software Foundation, Inc.
This is free software; see the source for copying conditions.  There is NO
warranty; not even for MERCHANTABILITY or FITNESS FOR A PARTICULAR PURPOSE.

configure:19733: $? = 0
configure:19735: g++ -v </dev/null >&5
Using built-in specs.
Target: i686-apple-darwin10
Configured with: /var/tmp/gcc/gcc-5666.3~11/src/configure --disable-checking --enable-werror --prefix=/usr --mandir=/share/man --enable-languages=c,objc,c++,obj-c++ --program-transform-name=/^[cg][^.-]*$/s/$/-4.2/ --with-slibdir=/usr/lib --build=i686-apple-darwin10 --program-prefix=i686-apple-darwin10- --host=x86_64-apple-darwin10 --target=i686-apple-darwin10 --with-gxx-include-dir=/include/c++/4.2.1
Thread model: posix
gcc version 4.2.1 (Apple Inc. build 5666) (dot 3)
configure:19738: $? = 0
configure:19740: g++ -V </dev/null >&5
g++-4.2: argument to `-V' is missing
configure:19743: $? = 1
configure:19746: checking whether we are using the GNU C++ compiler
configure:19802: result: yes
configure:19808: checking whether g++ accepts -g
configure:19859: result: yes
configure:19901: g++ -c -g -O2  conftest.cc >&5
configure:19907: $? = 0
configure:19911: test -z 
			 || test ! -s conftest.err
configure:19914: $? = 0
configure:19917: test -s conftest.o
configure:19920: $? = 0
configure:19946: g++ -c -g -O2  conftest.cc >&5
configure:19952: $? = 0
configure:19956: test -z 
			 || test ! -s conftest.err
configure:19959: $? = 0
configure:19962: test -s conftest.o
configure:19965: $? = 0
configure:19990: checking dependency style of g++
configure:20073: result: none
configure:20090: checking whether make sets $(MAKE)
configure:20110: result: yes
configure:20127: checking for special C compiler options needed for large files
configure:20226: result: no
configure:20232: checking for _FILE_OFFSET_BITS value needed for large files
configure:20263: gcc -c -g -O2  conftest.c >&5
configure:20269: $? = 0
configure:20273: test -z 
			 || test ! -s conftest.err
configure:20276: $? = 0
configure:20279: test -s conftest.o
configure:20282: $? = 0
configure:20347: result: no
configure:20357: checking for _LARGE_FILES value needed for large files
configure:20388: gcc -c -g -O2  conftest.c >&5
configure:20394: $? = 0
configure:20398: test -z 
			 || test ! -s conftest.err
configure:20401: $? = 0
configure:20404: test -s conftest.o
configure:20407: $? = 0
configure:20472: result: no
configure:20484: checking for _LARGEFILE_SOURCE value needed for large files
configure:20507: gcc -c -g -O2  conftest.c >&5
configure:20513: $? = 0
configure:20517: test -z 
			 || test ! -s conftest.err
configure:20520: $? = 0
configure:20523: test -s conftest.o
configure:20526: $? = 0
configure:20583: result: no
configure:20597: checking for fseeko
configure:20618: gcc -o conftest -g -O2   conftest.c  >&5
configure:20624: $? = 0
configure:20628: test -z 
			 || test ! -s conftest.err
configure:20631: $? = 0
configure:20634: test -s conftest
configure:20637: $? = 0
configure:20649: result: yes
configure:20660: checking for void*
configure:20684: gcc -c -g -O2  conftest.c >&5
configure:20690: $? = 0
configure:20694: test -z 
			 || test ! -s conftest.err
configure:20697: $? = 0
configure:20700: test -s conftest.o
configure:20703: $? = 0
configure:20714: result: yes
configure:20717: checking size of void*
configure:21036: gcc -o conftest -g -O2   conftest.c  >&5
configure:21039: $? = 0
configure:21041: ./conftest
configure:21044: $? = 0
configure:21067: result: 8
configure:21079: checking whether byte ordering is bigendian
configure:21106: gcc -c -g -O2  conftest.c >&5
configure:21112: $? = 0
configure:21116: test -z 
			 || test ! -s conftest.err
configure:21119: $? = 0
configure:21122: test -s conftest.o
configure:21125: $? = 0
configure:21149: gcc -c -g -O2  conftest.c >&5
conftest.c: In function 'main':
conftest.c:34: error: 'not' undeclared (first use in this function)
conftest.c:34: error: (Each undeclared identifier is reported only once
conftest.c:34: error: for each function it appears in.)
conftest.c:34: error: expected ';' before 'big'
configure:21155: $? = 1
configure: failed program was:
| /* confdefs.h.  */
| 
| #define PACKAGE_NAME ""
| #define PACKAGE_TARNAME ""
| #define PACKAGE_VERSION ""
| #define PACKAGE_STRING ""
| #define PACKAGE_BUGREPORT ""
| #define PACKAGE "flac"
| #define VERSION "1.2.1"
| #define STDC_HEADERS 1
| #define HAVE_SYS_TYPES_H 1
| #define HAVE_SYS_STAT_H 1
| #define HAVE_STDLIB_H 1
| #define HAVE_STRING_H 1
| #define HAVE_MEMORY_H 1
| #define HAVE_STRINGS_H 1
| #define HAVE_INTTYPES_H 1
| #define HAVE_STDINT_H 1
| #define HAVE_UNISTD_H 1
| #define HAVE_DLFCN_H 1
| #ifdef __cplusplus
| extern "C" void exit (int);
| #endif
| #define HAVE_FSEEKO 1
| #define SIZEOF_VOIDP 8
| /* end confdefs.h.  */
| #include <sys/types.h>
| #include <sys/param.h>
| 
| int
| main ()
| {
| #if BYTE_ORDER != BIG_ENDIAN
|  not big endian
| #endif
| 
|   ;
|   return 0;
| }
configure:21290: result: no
configure:21310: checking for socklen_t
configure:21334: gcc -c -g -O2  conftest.c >&5
conftest.c: In function 'main':
conftest.c:64: error: 'socklen_t' undeclared (first use in this function)
conftest.c:64: error: (Each undeclared identifier is reported only once
conftest.c:64: error: for each function it appears in.)
conftest.c:64: error: expected expression before ')' token
configure:21340: $? = 1
configure: failed program was:
| /* confdefs.h.  */
| 
| #define PACKAGE_NAME ""
| #define PACKAGE_TARNAME ""
| #define PACKAGE_VERSION ""
| #define PACKAGE_STRING ""
| #define PACKAGE_BUGREPORT ""
| #define PACKAGE "flac"
| #define VERSION "1.2.1"
| #define STDC_HEADERS 1
| #define HAVE_SYS_TYPES_H 1
| #define HAVE_SYS_STAT_H 1
| #define HAVE_STDLIB_H 1
| #define HAVE_STRING_H 1
| #define HAVE_MEMORY_H 1
| #define HAVE_STRINGS_H 1
| #define HAVE_INTTYPES_H 1
| #define HAVE_STDINT_H 1
| #define HAVE_UNISTD_H 1
| #define HAVE_DLFCN_H 1
| #ifdef __cplusplus
| extern "C" void exit (int);
| #endif
| #define HAVE_FSEEKO 1
| #define SIZEOF_VOIDP 8
| /* end confdefs.h.  */
| #include <stdio.h>
| #if HAVE_SYS_TYPES_H
| # include <sys/types.h>
| #endif
| #if HAVE_SYS_STAT_H
| # include <sys/stat.h>
| #endif
| #if STDC_HEADERS
| # include <stdlib.h>
| # include <stddef.h>
| #else
| # if HAVE_STDLIB_H
| #  include <stdlib.h>
| # endif
| #endif
| #if HAVE_STRING_H
| # if !STDC_HEADERS && HAVE_MEMORY_H
| #  include <memory.h>
| # endif
| # include <string.h>
| #endif
| #if HAVE_STRINGS_H
| # include <strings.h>
| #endif
| #if HAVE_INTTYPES_H
| # include <inttypes.h>
| #else
| # if HAVE_STDINT_H
| #  include <stdint.h>
| # endif
| #endif
| #if HAVE_UNISTD_H
| # include <unistd.h>
| #endif
| int
| main ()
| {
| if ((socklen_t *) 0)
|   return 0;
| if (sizeof (socklen_t))
|   return 0;
|   ;
|   return 0;
| }
configure:21364: result: no
configure:21380: checking for getopt_long
configure:21437: gcc -o conftest -g -O2   conftest.c  >&5
configure:21443: $? = 0
configure:21447: test -z 
			 || test ! -s conftest.err
configure:21450: $? = 0
configure:21453: test -s conftest
configure:21456: $? = 0
configure:21468: result: yes
configure:21818: checking for doxygen
configure:21847: result: no
configure:21938: checking for xmms-config
configure:21969: result: no
configure:22078: checking for XMMS - version >= 0.9.5.1
configure:22086: result: no
configure:22113: WARNING: *** XMMS >= 0.9.5.1 not installed - XMMS support will not be built
configure:22222: checking for Ogg
configure:22257: gcc -o conftest -g -O2    conftest.c   -logg >&5
conftest.c:38:21: error: ogg/ogg.h: No such file or directory
configure:22260: $? = 1
configure: program exited with status 1
configure: failed program was:
| /* confdefs.h.  */
| 
| #define PACKAGE_NAME ""
| #define PACKAGE_TARNAME ""
| #define PACKAGE_VERSION ""
| #define PACKAGE_STRING ""
| #define PACKAGE_BUGREPORT ""
| #define PACKAGE "flac"
| #define VERSION "1.2.1"
| #define STDC_HEADERS 1
| #define HAVE_SYS_TYPES_H 1
| #define HAVE_SYS_STAT_H 1
| #define HAVE_STDLIB_H 1
| #define HAVE_STRING_H 1
| #define HAVE_MEMORY_H 1
| #define HAVE_STRINGS_H 1
| #define HAVE_INTTYPES_H 1
| #define HAVE_STDINT_H 1
| #define HAVE_UNISTD_H 1
| #define HAVE_DLFCN_H 1
| #ifdef __cplusplus
| extern "C" void exit (int);
| #endif
| #define HAVE_FSEEKO 1
| #define SIZEOF_VOIDP 8
| #define HAVE_GETOPT_LONG 1
| #define FLAC__CPU_IA32 1
| #define FLAC__SYS_DARWIN 1
| #define FLAC__ALIGN_MALLOC_DATA 1
| #define FLAC__NO_ASM 1
| #define FLAC__USE_3DNOW 1
| #define FLAC__USE_ALTIVEC 1
| /* end confdefs.h.  */
| 
| #include <stdio.h>
| #include <stdlib.h>
| #include <string.h>
| #include <ogg/ogg.h>
| 
| int main ()
| {
|   system("touch conf.oggtest");
|   return 0;
| }
| 
| 
configure:22287: result: no
configure:22314: gcc -o conftest -g -O2    conftest.c   -logg >&5
conftest.c:36:21: error: ogg/ogg.h: No such file or directory
configure:22320: $? = 1
configure: failed program was:
| /* confdefs.h.  */
| 
| #define PACKAGE_NAME ""
| #define PACKAGE_TARNAME ""
| #define PACKAGE_VERSION ""
| #define PACKAGE_STRING ""
| #define PACKAGE_BUGREPORT ""
| #define PACKAGE "flac"
| #define VERSION "1.2.1"
| #define STDC_HEADERS 1
| #define HAVE_SYS_TYPES_H 1
| #define HAVE_SYS_STAT_H 1
| #define HAVE_STDLIB_H 1
| #define HAVE_STRING_H 1
| #define HAVE_MEMORY_H 1
| #define HAVE_STRINGS_H 1
| #define HAVE_INTTYPES_H 1
| #define HAVE_STDINT_H 1
| #define HAVE_UNISTD_H 1
| #define HAVE_DLFCN_H 1
| #ifdef __cplusplus
| extern "C" void exit (int);
| #endif
| #define HAVE_FSEEKO 1
| #define SIZEOF_VOIDP 8
| #define HAVE_GETOPT_LONG 1
| #define FLAC__CPU_IA32 1
| #define FLAC__SYS_DARWIN 1
| #define FLAC__ALIGN_MALLOC_DATA 1
| #define FLAC__NO_ASM 1
| #define FLAC__USE_3DNOW 1
| #define FLAC__USE_ALTIVEC 1
| /* end confdefs.h.  */
| 
| #include <stdio.h>
| #include <ogg/ogg.h>
| 
| int
| main ()
| {
|  return 0;
|   ;
|   return 0;
| }
configure:22359: WARNING: *** Ogg development enviroment not installed - Ogg support will not be built
configure:22427: checking for ld used by GCC
configure:22491: result: /usr/libexec/gcc/i686-apple-darwin10/4.2.1/ld
configure:22500: checking if the linker (/usr/libexec/gcc/i686-apple-darwin10/4.2.1/ld) is GNU ld
configure:22513: result: no
configure:22520: checking for shared library run path origin
configure:22533: result: done
configure:22963: checking for iconv
configure:22990: gcc -o conftest -g -O2   conftest.c  >&5
Undefined symbols for architecture x86_64:
  "_iconv_open", referenced from:
      _main in ccvkpxMo.o
  "_iconv", referenced from:
      _main in ccvkpxMo.o
  "_iconv_close", referenced from:
      _main in ccvkpxMo.o
ld: symbol(s) not found for architecture x86_64
collect2: ld returned 1 exit status
configure:22996: $? = 1
configure: failed program was:
| /* confdefs.h.  */
| 
| #define PACKAGE_NAME ""
| #define PACKAGE_TARNAME ""
| #define PACKAGE_VERSION ""
| #define PACKAGE_STRING ""
| #define PACKAGE_BUGREPORT ""
| #define PACKAGE "flac"
| #define VERSION "1.2.1"
| #define STDC_HEADERS 1
| #define HAVE_SYS_TYPES_H 1
| #define HAVE_SYS_STAT_H 1
| #define HAVE_STDLIB_H 1
| #define HAVE_STRING_H 1
| #define HAVE_MEMORY_H 1
| #define HAVE_STRINGS_H 1
| #define HAVE_INTTYPES_H 1
| #define HAVE_STDINT_H 1
| #define HAVE_UNISTD_H 1
| #define HAVE_DLFCN_H 1
| #ifdef __cplusplus
| extern "C" void exit (int);
| #endif
| #define HAVE_FSEEKO 1
| #define SIZEOF_VOIDP 8
| #define HAVE_GETOPT_LONG 1
| #define FLAC__CPU_IA32 1
| #define FLAC__SYS_DARWIN 1
| #define FLAC__ALIGN_MALLOC_DATA 1
| #define FLAC__NO_ASM 1
| #define FLAC__USE_3DNOW 1
| #define FLAC__USE_ALTIVEC 1
| /* end confdefs.h.  */
| #include <stdlib.h>
| #include <iconv.h>
| int
| main ()
| {
| iconv_t cd = iconv_open("","");
|        iconv(cd,NULL,NULL,NULL,NULL);
|        iconv_close(cd);
|   ;
|   return 0;
| }
configure:23041: gcc -o conftest -g -O2   conftest.c  -liconv >&5
configure:23047: $? = 0
configure:23051: test -z 
			 || test ! -s conftest.err
configure:23054: $? = 0
configure:23057: test -s conftest
configure:23060: $? = 0
configure:23075: result: yes
configure:23085: checking how to link with libiconv
configure:23087: result: -liconv
configure:23098: checking for iconv declaration
configure:23132: gcc -c -g -O2  conftest.c >&5
configure:23138: $? = 0
configure:23142: test -z 
			 || test ! -s conftest.err
configure:23145: $? = 0
configure:23148: test -s conftest.o
configure:23151: $? = 0
configure:23166: result: 
         extern size_t iconv (iconv_t cd, char * *inbuf, size_t *inbytesleft, char * *outbuf, size_t *outbytesleft);
configure:23177: checking for nl_langinfo and CODESET
configure:23198: gcc -o conftest -g -O2   conftest.c  >&5
configure:23204: $? = 0
configure:23208: test -z 
			 || test ! -s conftest.err
configure:23211: $? = 0
configure:23214: test -s conftest
configure:23217: $? = 0
configure:23230: result: yes
configure:23245: checking for docbook-to-man
configure:23274: result: no
configure:23245: checking for docbook2man
configure:23274: result: no
configure:23305: checking for nasm
configure:23321: found /usr/bin/nasm
configure:23331: result: nasm
configure:23365: checking for as
configure:23391: result: as
configure:23406: checking for gas
configure:23435: result: no
configure:23798: creating ./config.status

## ---------------------- ##
## Running config.status. ##
## ---------------------- ##

This file was extended by config.status, which was
generated by GNU Autoconf 2.59.  Invocation command line was

  CONFIG_FILES    = 
  CONFIG_HEADERS  = 
  CONFIG_LINKS    = 
  CONFIG_COMMANDS = 
  $ ./config.status 

on Caroline-Cooks-Computer-6.local

config.status:858: creating Makefile
config.status:858: creating src/Makefile
config.status:858: creating src/libFLAC/Makefile
config.status:858: creating src/libFLAC/flac.pc
config.status:858: creating src/libFLAC/ia32/Makefile
config.status:858: creating src/libFLAC/ppc/Makefile
config.status:858: creating src/libFLAC/ppc/as/Makefile
config.status:858: creating src/libFLAC/ppc/gas/Makefile
config.status:858: creating src/libFLAC/include/Makefile
config.status:858: creating src/libFLAC/include/private/Makefile
config.status:858: creating src/libFLAC/include/protected/Makefile
config.status:858: creating src/libFLAC++/Makefile
config.status:858: creating src/libFLAC++/flac++.pc
config.status:858: creating src/flac/Makefile
config.status:858: creating src/metaflac/Makefile
config.status:858: creating src/monkeys_audio_utilities/Makefile
config.status:858: creating src/monkeys_audio_utilities/flac_mac/Makefile
config.status:858: creating src/monkeys_audio_utilities/flac_ren/Makefile
config.status:858: creating src/plugin_common/Makefile
config.status:858: creating src/plugin_winamp2/Makefile
config.status:858: creating src/plugin_winamp2/include/Makefile
config.status:858: creating src/plugin_winamp2/include/winamp2/Makefile
config.status:858: creating src/plugin_xmms/Makefile
config.status:858: creating src/share/Makefile
config.status:858: creating src/share/getopt/Makefile
config.status:858: creating src/share/grabbag/Makefile
config.status:858: creating src/share/replaygain_analysis/Makefile
config.status:858: creating src/share/replaygain_synthesis/Makefile
config.status:858: creating src/share/replaygain_synthesis/include/Makefile
config.status:858: creating src/share/replaygain_synthesis/include/private/Makefile
config.status:858: creating src/share/utf8/Makefile
config.status:858: creating src/test_grabbag/Makefile
config.status:858: creating src/test_grabbag/cuesheet/Makefile
config.status:858: creating src/test_grabbag/picture/Makefile
config.status:858: creating src/test_libs_common/Makefile
config.status:858: creating src/test_libFLAC/Makefile
config.status:858: creating src/test_libFLAC++/Makefile
config.status:858: creating src/test_seeking/Makefile
config.status:858: creating src/test_streams/Makefile
config.status:858: creating examples/Makefile
config.status:858: creating examples/c/Makefile
config.status:858: creating examples/c/decode/Makefile
config.status:858: creating examples/c/decode/file/Makefile
config.status:858: creating examples/c/encode/Makefile
config.status:858: creating examples/c/encode/file/Makefile
config.status:858: creating examples/cpp/Makefile
config.status:858: creating examples/cpp/decode/Makefile
config.status:858: creating examples/cpp/decode/file/Makefile
config.status:858: creating examples/cpp/encode/Makefile
config.status:858: creating examples/cpp/encode/file/Makefile
config.status:858: creating include/Makefile
config.status:858: creating include/FLAC/Makefile
config.status:858: creating include/FLAC++/Makefile
config.status:858: creating include/share/Makefile
config.status:858: creating include/share/grabbag/Makefile
config.status:858: creating include/test_libs_common/Makefile
config.status:858: creating doc/Makefile
config.status:858: creating doc/html/Makefile
config.status:858: creating doc/html/images/Makefile
config.status:858: creating doc/html/images/hw/Makefile
config.status:858: creating doc/html/ru/Makefile
config.status:858: creating m4/Makefile
config.status:858: creating man/Makefile
config.status:858: creating test/Makefile
config.status:858: creating test/cuesheets/Makefile
config.status:858: creating test/flac-to-flac-metadata-test-files/Makefile
config.status:858: creating test/metaflac-test-files/Makefile
config.status:858: creating test/pictures/Makefile
config.status:858: creating build/Makefile
config.status:858: creating obj/Makefile
config.status:858: creating obj/debug/Makefile
config.status:858: creating obj/debug/bin/Makefile
config.status:858: creating obj/debug/lib/Makefile
config.status:858: creating obj/release/Makefile
config.status:858: creating obj/release/bin/Makefile
config.status:858: creating obj/release/lib/Makefile
config.status:962: creating config.h
config.status:1278: executing depfiles commands

## ---------------- ##
## Cache variables. ##
## ---------------- ##

ac_cv_build=i686-apple-darwin10.6.0
ac_cv_build_alias=i686-apple-darwin10.6.0
ac_cv_c_bigendian=no
ac_cv_c_compiler_gnu=yes
ac_cv_cxx_compiler_gnu=yes
ac_cv_env_CC_set=
ac_cv_env_CC_value=
ac_cv_env_CFLAGS_set=
ac_cv_env_CFLAGS_value=
ac_cv_env_CPPFLAGS_set=
ac_cv_env_CPPFLAGS_value=
ac_cv_env_CPP_set=
ac_cv_env_CPP_value=
ac_cv_env_CXXCPP_set=
ac_cv_env_CXXCPP_value=
ac_cv_env_CXXFLAGS_set=
ac_cv_env_CXXFLAGS_value=
ac_cv_env_CXX_set=
ac_cv_env_CXX_value=
ac_cv_env_F77_set=
ac_cv_env_F77_value=
ac_cv_env_FFLAGS_set=
ac_cv_env_FFLAGS_value=
ac_cv_env_LDFLAGS_set=
ac_cv_env_LDFLAGS_value=
ac_cv_env_build_alias_set=
ac_cv_env_build_alias_value=
ac_cv_env_host_alias_set=
ac_cv_env_host_alias_value=
ac_cv_env_target_alias_set=
ac_cv_env_target_alias_value=
ac_cv_exeext=
ac_cv_f77_compiler_gnu=no
ac_cv_func_fseeko=yes
ac_cv_func_getopt_long=yes
ac_cv_header_dlfcn_h=yes
ac_cv_header_inttypes_h=yes
ac_cv_header_memory_h=yes
ac_cv_header_stdc=yes
ac_cv_header_stdint_h=yes
ac_cv_header_stdlib_h=yes
ac_cv_header_string_h=yes
ac_cv_header_strings_h=yes
ac_cv_header_sys_stat_h=yes
ac_cv_header_sys_types_h=yes
ac_cv_header_unistd_h=yes
ac_cv_host=i686-apple-darwin10.6.0
ac_cv_host_alias=i686-apple-darwin10.6.0
ac_cv_objext=o
ac_cv_path_XMMS_CONFIG=no
ac_cv_path_install='/usr/bin/install -c'
ac_cv_prog_AS=as
ac_cv_prog_AWK=awk
ac_cv_prog_CPP='gcc -E'
ac_cv_prog_CXXCPP='g++ -E'
ac_cv_prog_NASM=nasm
ac_cv_prog_ac_ct_AR=ar
ac_cv_prog_ac_ct_CC=gcc
ac_cv_prog_ac_ct_CXX=g++
ac_cv_prog_ac_ct_RANLIB=ranlib
ac_cv_prog_ac_ct_STRIP=strip
ac_cv_prog_cc_g=yes
ac_cv_prog_cc_stdc=
ac_cv_prog_cxx_g=yes
ac_cv_prog_egrep='grep -E'
ac_cv_prog_f77_g=no
ac_cv_prog_make_make_set=yes
ac_cv_sizeof_voidp=8
ac_cv_sys_file_offset_bits=no
ac_cv_sys_large_files=no
ac_cv_sys_largefile_CC=no
ac_cv_sys_largefile_source=no
ac_cv_type_socklen_t=no
ac_cv_type_voidp=yes
acl_cv_hardcode_direct=no
acl_cv_hardcode_libdir_flag_spec=
acl_cv_hardcode_libdir_separator=
acl_cv_hardcode_minus_L=no
acl_cv_libext=a
acl_cv_path_LD=/usr/libexec/gcc/i686-apple-darwin10/4.2.1/ld
acl_cv_prog_gnu_ld=no
acl_cv_rpath=done
acl_cv_shlibext=dylib
acl_cv_wl=-Wl,
am_cv_CC_dependencies_compiler_type=none
am_cv_CXX_dependencies_compiler_type=none
am_cv_func_iconv=yes
am_cv_langinfo_codeset=yes
am_cv_lib_iconv=yes
am_cv_proto_iconv='extern size_t iconv (iconv_t cd, char * *inbuf, size_t *inbytesleft, char * *outbuf, size_t *outbytesleft);'
am_cv_proto_iconv_arg1=
lt_cv_deplibs_check_method=pass_all
lt_cv_file_magic_cmd='$MAGIC_CMD'
lt_cv_file_magic_test_file=
lt_cv_ld_reload_flag=-r
lt_cv_objdir=.libs
lt_cv_path_LD=/usr/libexec/gcc/i686-apple-darwin10/4.2.1/ld
lt_cv_path_LDCXX=/usr/libexec/gcc/i686-apple-darwin10/4.2.1/ld
lt_cv_path_NM=/usr/bin/nm
lt_cv_path_SED=/usr/bin/sed
lt_cv_prog_compiler_c_o=yes
lt_cv_prog_compiler_c_o_CXX=yes
lt_cv_prog_compiler_rtti_exceptions=no
lt_cv_prog_gnu_ld=no
lt_cv_prog_gnu_ldcxx=no
lt_cv_sys_global_symbol_pipe='sed -n -e '\''s/^.*[ 	]\([BCDEGRST][BCDEGRST]*\)[ 	][ 	]*_\([_A-Za-z][_A-Za-z0-9]*\)$/\1 _\2 \2/p'\'''
lt_cv_sys_global_symbol_to_c_name_address='sed -n -e '\''s/^: \([^ ]*\) $/  {\"\1\", (lt_ptr) 0},/p'\'' -e '\''s/^[BCDEGRST] \([^ ]*\) \([^ ]*\)$/  {"\2", (lt_ptr) \&\2},/p'\'''
lt_cv_sys_global_symbol_to_cdecl='sed -n -e '\''s/^. .* \(.*\)$/extern int \1;/p'\'''
lt_cv_sys_max_cmd_len=196608
lt_lt_cv_prog_compiler_c_o='"yes"'
lt_lt_cv_prog_compiler_c_o_CXX='"yes"'
lt_lt_cv_sys_global_symbol_pipe='"sed -n -e '\''s/^.*[ 	]\\([BCDEGRST][BCDEGRST]*\\)[ 	][ 	]*_\\([_A-Za-z][_A-Za-z0-9]*\\)\$/\\1 _\\2 \\2/p'\''"'
lt_lt_cv_sys_global_symbol_to_c_name_address='"sed -n -e '\''s/^: \\([^ ]*\\) \$/  {\\\"\\1\\\", (lt_ptr) 0},/p'\'' -e '\''s/^[BCDEGRST] \\([^ ]*\\) \\([^ ]*\\)\$/  {\"\\2\", (lt_ptr) \\&\\2},/p'\''"'
lt_lt_cv_sys_global_symbol_to_cdecl='"sed -n -e '\''s/^. .* \\(.*\\)\$/extern int \\1;/p'\''"'

## ----------------- ##
## Output variables. ##
## ----------------- ##

ACLOCAL='${SHELL} /Users/shooley/Desktop/Organ/Programming/Cocoa/HooleyBits/HooFlac/Src/flac-1.2.1/missing --run aclocal-1.7'
ACLOCAL_AMFLAGS='-I m4'
AMDEPBACKSLASH=''
AMDEP_FALSE=''
AMDEP_TRUE='#'
AMTAR='${SHELL} /Users/shooley/Desktop/Organ/Programming/Cocoa/HooleyBits/HooFlac/Src/flac-1.2.1/missing --run tar'
AR='ar'
AS='gas'
AUTOCONF='${SHELL} /Users/shooley/Desktop/Organ/Programming/Cocoa/HooleyBits/HooFlac/Src/flac-1.2.1/missing --run autoconf'
AUTOHEADER='${SHELL} /Users/shooley/Desktop/Organ/Programming/Cocoa/HooleyBits/HooFlac/Src/flac-1.2.1/missing --run autoheader'
AUTOMAKE='${SHELL} /Users/shooley/Desktop/Organ/Programming/Cocoa/HooleyBits/HooFlac/Src/flac-1.2.1/missing --run automake-1.7'
AWK='awk'
CC='gcc'
CCAS='$(CC)'
CCASFLAGS='$(CFLAGS)'
CCDEPMODE='depmode=none'
CFLAGS='-g -g -O2'
CPP='gcc -E'
CPPFLAGS='-DDEBUG -I$(top_builddir) -I$(srcdir)/include -I$(top_srcdir)/include '
CXX='g++'
CXXCPP='g++ -E'
CXXDEPMODE='depmode=none'
CXXFLAGS='-g -O2'
CYGPATH_W='echo'
DEBUG_FALSE='#'
DEBUG_TRUE=''
DEFS='-DHAVE_CONFIG_H'
DEPDIR='.deps'
DOCBOOK_TO_MAN=''
DOXYGEN=''
ECHO='/bin/echo'
ECHO_C='ECHO_N=''
ECHO_T=''
EGREP='grep -E'
EXEEXT=''
F77=''
FFLAGS=''
FLAC__TEST_LEVEL='1'
FLAC__TEST_WITH_VALGRIND='no'
FLaC__CPU_IA32_FALSE='#'
FLaC__CPU_IA32_TRUE=''
FLaC__CPU_PPC_FALSE=''
FLaC__CPU_PPC_TRUE='#'
FLaC__CPU_SPARC_FALSE=''
FLaC__CPU_SPARC_TRUE='#'
FLaC__HAS_AS_FALSE=''
FLaC__HAS_AS_TRUE='#'
FLaC__HAS_AS__TEMPORARILY_DISABLED_FALSE=''
FLaC__HAS_AS__TEMPORARILY_DISABLED_TRUE='#'
FLaC__HAS_DOCBOOK_TO_MAN_FALSE=''
FLaC__HAS_DOCBOOK_TO_MAN_TRUE='#'
FLaC__HAS_DOXYGEN_FALSE=''
FLaC__HAS_DOXYGEN_TRUE='#'
FLaC__HAS_GAS_FALSE='#'
FLaC__HAS_GAS_TRUE=''
FLaC__HAS_GAS__TEMPORARILY_DISABLED_FALSE=''
FLaC__HAS_GAS__TEMPORARILY_DISABLED_TRUE='#'
FLaC__HAS_NASM_FALSE='#'
FLaC__HAS_NASM_TRUE=''
FLaC__HAS_OGG_FALSE=''
FLaC__HAS_OGG_TRUE='#'
FLaC__HAS_XMMS_FALSE=''
FLaC__HAS_XMMS_TRUE='#'
FLaC__INSTALL_XMMS_PLUGIN_LOCALLY_FALSE=''
FLaC__INSTALL_XMMS_PLUGIN_LOCALLY_TRUE='#'
FLaC__NO_ASM_FALSE='#'
FLaC__NO_ASM_TRUE=''
FLaC__SSE_OS_FALSE=''
FLaC__SSE_OS_TRUE='#'
FLaC__SYS_DARWIN_FALSE='#'
FLaC__SYS_DARWIN_TRUE=''
FLaC__SYS_LINUX_FALSE=''
FLaC__SYS_LINUX_TRUE='#'
FLaC__USE_3DNOW_FALSE='#'
FLaC__USE_3DNOW_TRUE=''
FLaC__USE_ALTIVEC_FALSE='#'
FLaC__USE_ALTIVEC_TRUE=''
FLaC__WITH_CPPLIBS_FALSE='#'
FLaC__WITH_CPPLIBS_TRUE=''
GAS='gas'
INSTALL_DATA='${INSTALL} -m 644'
INSTALL_PROGRAM='${INSTALL}'
INSTALL_SCRIPT='${INSTALL}'
INSTALL_STRIP_PROGRAM='${SHELL} $(install_sh) -c -s'
LDFLAGS=''
LIBICONV='-liconv'
LIBOBJS=''
LIBS=''
LIBTOOL='$(SHELL) $(top_builddir)/libtool'
LN_S='ln -s'
LTLIBICONV='-liconv'
LTLIBOBJS=''
MAINT='#'
MAINTAINER_MODE_FALSE=''
MAINTAINER_MODE_TRUE='#'
MAKEINFO='${SHELL} /Users/shooley/Desktop/Organ/Programming/Cocoa/HooleyBits/HooFlac/Src/flac-1.2.1/missing --run makeinfo'
MINGW_WINSOCK_LIBS=''
NASM='nasm'
OBJEXT='o'
OBJ_FORMAT='macho'
OGG_CFLAGS=''
OGG_LIBS=''
PACKAGE='flac'
PACKAGE_BUGREPORT=''
PACKAGE_NAME=''
PACKAGE_STRING=''
PACKAGE_TARNAME=''
PACKAGE_VERSION=''
PATH_SEPARATOR=':'
RANLIB='ranlib'
SET_MAKE=''
SHELL='/bin/sh'
STRIP='strip'
VERSION='1.2.1'
XMMS_CFLAGS=''
XMMS_CONFIG='no'
XMMS_DATA_DIR=''
XMMS_EFFECT_PLUGIN_DIR=''
XMMS_GENERAL_PLUGIN_DIR=''
XMMS_INPUT_PLUGIN_DIR=''
XMMS_LIBS=''
XMMS_OUTPUT_PLUGIN_DIR=''
XMMS_PLUGIN_DIR=''
XMMS_VERSION=''
XMMS_VISUALIZATION_PLUGIN_DIR=''
ac_ct_AR='ar'
ac_ct_CC='gcc'
ac_ct_CXX='g++'
ac_ct_F77=''
ac_ct_RANLIB='ranlib'
ac_ct_STRIP='strip'
am__fastdepCC_FALSE=''
am__fastdepCC_TRUE='#'
am__fastdepCXX_FALSE=''
am__fastdepCXX_TRUE='#'
am__include='include'
am__leading_dot='.'
am__quote=''
bindir='${exec_prefix}/bin'
build='i686-apple-darwin10.6.0'
build_alias=''
build_cpu='i686'
build_os='darwin10.6.0'
build_vendor='apple'
datadir='${prefix}/share'
exec_prefix='${prefix}'
host='i686-apple-darwin10.6.0'
host_alias=''
host_cpu='i686'
host_os='darwin10.6.0'
host_vendor='apple'
includedir='${prefix}/include'
infodir='${prefix}/info'
install_sh='/Users/shooley/Desktop/Organ/Programming/Cocoa/HooleyBits/HooFlac/Src/flac-1.2.1/install-sh'
libdir='${exec_prefix}/lib'
libexecdir='${exec_prefix}/libexec'
localstatedir='${prefix}/var'
mandir='${prefix}/man'
oldincludedir='/usr/include'
prefix='/usr/local'
program_transform_name='s,x,x,'
sbindir='${exec_prefix}/sbin'
sharedstatedir='${prefix}/com'
sysconfdir='${prefix}/etc'
target_alias=''

## ----------- ##
## confdefs.h. ##
## ----------- ##

#define FLAC__ALIGN_MALLOC_DATA 1
#define FLAC__CPU_IA32 1
#define FLAC__HAS_GAS 1
#define FLAC__HAS_NASM 1
#define FLAC__NO_ASM 1
#define FLAC__SYS_DARWIN 1
#define FLAC__USE_3DNOW 1
#define FLAC__USE_ALTIVEC 1
#define HAVE_DLFCN_H 1
#define HAVE_FSEEKO 1
#define HAVE_GETOPT_LONG 1
#define HAVE_ICONV 1
#define HAVE_INTTYPES_H 1
#define HAVE_LANGINFO_CODESET 1
#define HAVE_MEMORY_H 1
#define HAVE_STDINT_H 1
#define HAVE_STDLIB_H 1
#define HAVE_STRINGS_H 1
#define HAVE_STRING_H 1
#define HAVE_SYS_STAT_H 1
#define HAVE_SYS_TYPES_H 1
#define HAVE_UNISTD_H 1
#define ICONV_CONST 
#define PACKAGE "flac"
#define PACKAGE_BUGREPORT ""
#define PACKAGE_NAME ""
#define PACKAGE_STRING ""
#define PACKAGE_TARNAME ""
#define PACKAGE_VERSION ""
#define SIZEOF_VOIDP 8
#define STDC_HEADERS 1
#define VERSION "1.2.1"
#endif
#ifdef __cplusplus
extern "C" void exit (int);

configure: exit 0
